Determining if the Q_WS_WIN exist failed with the following output:
Change Dir: /home/lzd/V3D/vaa3d_tools/released_plugins/v3d_plugins/DNeuroMAT/cmake-build-release/CMakeFiles/CMakeTmp

Run Build Command(s):/usr/bin/make -f Makefile cmTC_ff989/fast && /usr/bin/make  -f CMakeFiles/cmTC_ff989.dir/build.make CMakeFiles/cmTC_ff989.dir/build
make[1]: 进入目录“/home/lzd/V3D/vaa3d_tools/released_plugins/v3d_plugins/DNeuroMAT/cmake-build-release/CMakeFiles/CMakeTmp”
Building CXX object CMakeFiles/cmTC_ff989.dir/CheckSymbolExists.cxx.o
/usr/bin/g++-4.8  -I/usr/local/Trolltech/Qt-4.8.6/include -std=gnu++11 -o CMakeFiles/cmTC_ff989.dir/CheckSymbolExists.cxx.o -c /home/lzd/V3D/vaa3d_tools/released_plugins/v3d_plugins/DNeuroMAT/cmake-build-release/CMakeFiles/CMakeTmp/CheckSymbolExists.cxx
/home/lzd/V3D/vaa3d_tools/released_plugins/v3d_plugins/DNeuroMAT/cmake-build-release/CMakeFiles/CMakeTmp/CheckSymbolExists.cxx: In function ‘int main(int, char**)’:
/home/lzd/V3D/vaa3d_tools/released_plugins/v3d_plugins/DNeuroMAT/cmake-build-release/CMakeFiles/CMakeTmp/CheckSymbolExists.cxx:8:19: error: ‘Q_WS_WIN’ was not declared in this scope
   return ((int*)(&Q_WS_WIN))[argc];
                   ^
make[1]: *** [CMakeFiles/cmTC_ff989.dir/build.make:78：CMakeFiles/cmTC_ff989.dir/CheckSymbolExists.cxx.o] 错误 1
make[1]: 离开目录“/home/lzd/V3D/vaa3d_tools/released_plugins/v3d_plugins/DNeuroMAT/cmake-build-release/CMakeFiles/CMakeTmp”
make: *** [Makefile:127：cmTC_ff989/fast] 错误 2


File /home/lzd/V3D/vaa3d_tools/released_plugins/v3d_plugins/DNeuroMAT/cmake-build-release/CMakeFiles/CMakeTmp/CheckSymbolExists.cxx:
/* */
#include <QtCore/qglobal.h>

int main(int argc, char** argv)
{
  (void)argv;
#ifndef Q_WS_WIN
  return ((int*)(&Q_WS_WIN))[argc];
#else
  (void)argc;
  return 0;
#endif
}
Determining if the Q_WS_QWS exist failed with the following output:
Change Dir: /home/lzd/V3D/vaa3d_tools/released_plugins/v3d_plugins/DNeuroMAT/cmake-build-release/CMakeFiles/CMakeTmp

Run Build Command(s):/usr/bin/make -f Makefile cmTC_29745/fast && /usr/bin/make  -f CMakeFiles/cmTC_29745.dir/build.make CMakeFiles/cmTC_29745.dir/build
make[1]: 进入目录“/home/lzd/V3D/vaa3d_tools/released_plugins/v3d_plugins/DNeuroMAT/cmake-build-release/CMakeFiles/CMakeTmp”
Building CXX object CMakeFiles/cmTC_29745.dir/CheckSymbolExists.cxx.o
/usr/bin/g++-4.8  -I/usr/local/Trolltech/Qt-4.8.6/include -std=gnu++11 -o CMakeFiles/cmTC_29745.dir/CheckSymbolExists.cxx.o -c /home/lzd/V3D/vaa3d_tools/released_plugins/v3d_plugins/DNeuroMAT/cmake-build-release/CMakeFiles/CMakeTmp/CheckSymbolExists.cxx
/home/lzd/V3D/vaa3d_tools/released_plugins/v3d_plugins/DNeuroMAT/cmake-build-release/CMakeFiles/CMakeTmp/CheckSymbolExists.cxx: In function ‘int main(int, char**)’:
/home/lzd/V3D/vaa3d_tools/released_plugins/v3d_plugins/DNeuroMAT/cmake-build-release/CMakeFiles/CMakeTmp/CheckSymbolExists.cxx:8:19: error: ‘Q_WS_QWS’ was not declared in this scope
   return ((int*)(&Q_WS_QWS))[argc];
                   ^
make[1]: *** [CMakeFiles/cmTC_29745.dir/build.make:78：CMakeFiles/cmTC_29745.dir/CheckSymbolExists.cxx.o] 错误 1
make[1]: 离开目录“/home/lzd/V3D/vaa3d_tools/released_plugins/v3d_plugins/DNeuroMAT/cmake-build-release/CMakeFiles/CMakeTmp”
make: *** [Makefile:127：cmTC_29745/fast] 错误 2


File /home/lzd/V3D/vaa3d_tools/released_plugins/v3d_plugins/DNeuroMAT/cmake-build-release/CMakeFiles/CMakeTmp/CheckSymbolExists.cxx:
/* */
#include <QtCore/qglobal.h>

int main(int argc, char** argv)
{
  (void)argv;
#ifndef Q_WS_QWS
  return ((int*)(&Q_WS_QWS))[argc];
#else
  (void)argc;
  return 0;
#endif
}
Determining if the Q_WS_MAC exist failed with the following output:
Change Dir: /home/lzd/V3D/vaa3d_tools/released_plugins/v3d_plugins/DNeuroMAT/cmake-build-release/CMakeFiles/CMakeTmp

Run Build Command(s):/usr/bin/make -f Makefile cmTC_ed669/fast && /usr/bin/make  -f CMakeFiles/cmTC_ed669.dir/build.make CMakeFiles/cmTC_ed669.dir/build
make[1]: 进入目录“/home/lzd/V3D/vaa3d_tools/released_plugins/v3d_plugins/DNeuroMAT/cmake-build-release/CMakeFiles/CMakeTmp”
Building CXX object CMakeFiles/cmTC_ed669.dir/CheckSymbolExists.cxx.o
/usr/bin/g++-4.8  -I/usr/local/Trolltech/Qt-4.8.6/include -std=gnu++11 -o CMakeFiles/cmTC_ed669.dir/CheckSymbolExists.cxx.o -c /home/lzd/V3D/vaa3d_tools/released_plugins/v3d_plugins/DNeuroMAT/cmake-build-release/CMakeFiles/CMakeTmp/CheckSymbolExists.cxx
/home/lzd/V3D/vaa3d_tools/released_plugins/v3d_plugins/DNeuroMAT/cmake-build-release/CMakeFiles/CMakeTmp/CheckSymbolExists.cxx: In function ‘int main(int, char**)’:
/home/lzd/V3D/vaa3d_tools/released_plugins/v3d_plugins/DNeuroMAT/cmake-build-release/CMakeFiles/CMakeTmp/CheckSymbolExists.cxx:8:19: error: ‘Q_WS_MAC’ was not declared in this scope
   return ((int*)(&Q_WS_MAC))[argc];
                   ^
make[1]: *** [CMakeFiles/cmTC_ed669.dir/build.make:78：CMakeFiles/cmTC_ed669.dir/CheckSymbolExists.cxx.o] 错误 1
make[1]: 离开目录“/home/lzd/V3D/vaa3d_tools/released_plugins/v3d_plugins/DNeuroMAT/cmake-build-release/CMakeFiles/CMakeTmp”
make: *** [Makefile:127：cmTC_ed669/fast] 错误 2


File /home/lzd/V3D/vaa3d_tools/released_plugins/v3d_plugins/DNeuroMAT/cmake-build-release/CMakeFiles/CMakeTmp/CheckSymbolExists.cxx:
/* */
#include <QtCore/qglobal.h>

int main(int argc, char** argv)
{
  (void)argv;
#ifndef Q_WS_MAC
  return ((int*)(&Q_WS_MAC))[argc];
#else
  (void)argc;
  return 0;
#endif
}
